Ansys Lumerical 2021 R2.3 FDTD Solver Version 8.26.2834 (Windows 64bit)
 expires (month/day/year): 1/22/2023
using config file: C:/Users/jev1/AppData/Roaming/Lumerical/License.ini
license host: 10.230.10.33
current time: Fri Oct 7 00:24:38 2022
Running on host: ADUAED15617LPWX
host available memory (GB): 16.953074
All processes are communicating and ready to proceed to simulation...
Running fsp file: C:\Program Files\Lumerical\v212\bin\fdtd-engine-msmpi.exe -t 4 -remote -hide C:/Users/jev1/Documents/GitHub/OTDR/PRL_PDK/CBand_TE0TE1_ysplitter_opt/Simulations/FDTD_SPara(run)_s-parametersweep/s-parametersweep_1.fsp
Starting meshing
Simulation size in gridpoints: 1 x 264 x 50
Refined 0 mesh cells (0%)
Completed meshing!
Meshing complete in 0 seconds of CPU time
Starting meshing
Simulation size in gridpoints: 1 x 264 x 50
Refined 0 mesh cells (0%)
Completed meshing!
Meshing complete in 0 seconds of CPU time
Starting meshing
Simulation size in gridpoints: 1 x 264 x 50
Refined 0 mesh cells (0%)
Completed meshing!
Meshing complete in 0.015625 seconds of CPU time
Starting meshing
Simulation size in gridpoints: 1 x 264 x 50
Refined 0 mesh cells (0%)
Completed meshing!
Meshing complete in 0.015625 seconds of CPU time
Starting meshing
Simulation size in gridpoints: 1 x 264 x 50
Refined 0 mesh cells (0%)
Completed meshing!
Meshing complete in 0.015625 seconds of CPU time
Starting meshing
Simulation size in gridpoints: 1 x 264 x 50
Refined 0 mesh cells (0%)
Completed meshing!
Meshing complete in 0 seconds of CPU time
left is a duplicate key.
bottom is a duplicate key.
z1 is a duplicate key.
z2 is a duplicate key.
Nx is a duplicate key.
Ny is a duplicate key.
Nz is a duplicate key.
Starting meshing
Simulation size in gridpoints: 1 x 82 x 50
Refined 0 mesh cells (0%)
Completed meshing!
Meshing complete in 0 seconds of CPU time
Starting meshing
Simulation size in gridpoints: 1 x 82 x 50
Refined 0 mesh cells (0%)
Completed meshing!
Meshing complete in 0.015625 seconds of CPU time
Starting meshing
Simulation size in gridpoints: 1 x 82 x 50
Refined 0 mesh cells (0%)
Completed meshing!
Meshing complete in 0 seconds of CPU time
left is a duplicate key.
bottom is a duplicate key.
z1 is a duplicate key.
z2 is a duplicate key.
Nx is a duplicate key.
Ny is a duplicate key.
Nz is a duplicate key.
Starting meshing
Simulation size in gridpoints: 1 x 82 x 50
Refined 0 mesh cells (0%)
Completed meshing!
Meshing complete in 0.015625 seconds of CPU time
Starting meshing
Simulation size in gridpoints: 1 x 82 x 50
Refined 0 mesh cells (0%)
Completed meshing!
Meshing complete in 0.015625 seconds of CPU time
Starting meshing
Simulation size in gridpoints: 1 x 82 x 50
Refined 0 mesh cells (0%)
Completed meshing!
Meshing complete in 0.046875 seconds of CPU time
left is a duplicate key.
bottom is a duplicate key.
z1 is a duplicate key.
z2 is a duplicate key.
Nx is a duplicate key.
Ny is a duplicate key.
Nz is a duplicate key.
number of processors is 4
processors are distributed as: 2x2x1
Running 3D Simulation
Starting meshing
Simulation size in gridpoints: 189 x 140 x 64
Refined 0 mesh cells (0%)
Completed meshing!
Meshing complete in 2.875 seconds of CPU time
0 0
Starting meshing
Simulation size in gridpoints: 189 x 140 x 64
Refined 0 mesh cells (0%)
Completed meshing!
Meshing complete in 2.96875 seconds of CPU time
0 0
Starting meshing
Simulation size in gridpoints: 189 x 140 x 64
Refined 0 mesh cells (0%)
Completed meshing!
Meshing complete in 2.9375 seconds of CPU time
0 0
finished material properties
Meshing Time: 6.11514 seconds, Init Electrical Material Time: 0.564 seconds, Init Magnetic Material Time: 0.0166803
Using selected optimization level: 2
Selecting 3d kernel for splitFieldDirection=0 and optLevel=2
-----------------------------------------
Beginning initialization of 3D Simulation
Starting to add sources to simulation
Adding 3D Mode source propagating in X
Using frequency dependent profile
Starting to add boundary conditions to simulation
Adding 3D PML BC
Adding 3D Parallel BC
Adding 3D PML BC
Adding 3D Parallel BC
Adding 3D PML BC
Adding 3D PML BC
Starting to add monitors to Simulation
Adding analysis monitor
Adding 3D DFT monitor
Adding 3D DFT monitor
Adding 3D DFT monitor
Finished initialization of 3D Simulation
-----------------------------------------
All processes are communicating and ready to proceed to simulation...
Starting 52450 total iterations
0.0915156% complete. Max time remaining: 36 mins, 23 secs. Auto Shutoff: 1
1.12869% complete. Max time remaining: 37 mins, 10 secs. Auto Shutoff: 1
2.13536% complete. Max time remaining: 45 mins, 48 secs. Auto Shutoff: 1
3.14204% complete. Max time remaining: 51 mins, 1 secs. Auto Shutoff: 1
4.16396% complete. Max time remaining: 55 mins, 56 secs. Auto Shutoff: 1
5.18588% complete. Max time remaining: 1 hr, 5 mins, 42 secs. Auto Shutoff: 1
6.20781% complete. Max time remaining: 1 hr, 9 mins, 26 secs. Auto Shutoff: 0.993642
7.24498% complete. Max time remaining: 1 hr, 6 mins, 13 secs. Auto Shutoff: 0.888304
8.25166% complete. Max time remaining: 1 hr, 3 mins, 21 secs. Auto Shutoff: 0.155262
9.28883% complete. Max time remaining: 1 hr, 1 min, 34 secs. Auto Shutoff: 0.0546556
10.2955% complete. Max time remaining: 1 hr, 10 secs. Auto Shutoff: 0.0420499
11.3022% complete. Max time remaining: 58 mins, 25 secs. Auto Shutoff: 0.0404067
12.3088% complete. Max time remaining: 56 mins, 56 secs. Auto Shutoff: 0.0190939
13.3155% complete. Max time remaining: 55 mins, 35 secs. Auto Shutoff: 0.00899162
14.3222% complete. Max time remaining: 54 mins, 16 secs. Auto Shutoff: 0.00247826
15.3289% complete. Max time remaining: 53 mins, 3 secs. Auto Shutoff: 0.00192168
16.366% complete. Max time remaining: 51 mins, 56 secs. Auto Shutoff: 0.00164609
17.4032% complete. Max time remaining: 50 mins, 51 secs. Auto Shutoff: 0.000641261
18.4404% complete. Max time remaining: 49 mins, 49 secs. Auto Shutoff: 0.000442205
19.4471% complete. Max time remaining: 48 mins, 50 secs. Auto Shutoff: 0.000281764
20.4537% complete. Max time remaining: 48 mins, 7 secs. Auto Shutoff: 0.000167157
21.4604% complete. Max time remaining: 47 mins, 21 secs. Auto Shutoff: 0.000106659
22.4671% complete. Max time remaining: 46 mins, 47 secs. Auto Shutoff: 5.52231e-05
23.5043% complete. Max time remaining: 45 mins, 46 secs. Auto Shutoff: 2.93793e-05
24.5414% complete. Max time remaining: 44 mins, 15 secs. Auto Shutoff: 1.26902e-05
100% complete. Max time remaining: 0 mins, 0 secs. Auto Shutoff: 8.93429e-06
Early termination of simulation, the autoshutoff criteria are satisfied.
Completed 13247 iterations, or 2.525640e-13s of Simulation Time
Process 0 starting to collect data
    collecting monitor data
    collecting source data
Using frequency dependent profile
Finished collecting data
left is a duplicate key.
bottom is a duplicate key.
z1 is a duplicate key.
z2 is a duplicate key.
Nx is a duplicate key.
Ny is a duplicate key.
Nz is a duplicate key.
left is a duplicate key.
bottom is a duplicate key.
z1 is a duplicate key.
z2 is a duplicate key.
Nx is a duplicate key.
Ny is a duplicate key.
Nz is a duplicate key.
left is a duplicate key.
bottom is a duplicate key.
z1 is a duplicate key.
z2 is a duplicate key.
Nx is a duplicate key.
Ny is a duplicate key.
Nz is a duplicate key.
Simulation completed successfully at: Fri Oct 7 00:40:00 2022
Overall wall time measurements in seconds: 923.205
    time to mesh and initialize: 13.2259
    time to run FDTD simulation: 898.12
    time to checkpoint simulation: 4e-07
    time to finalize data and save to files: 7.64069
    miscellaneous time: 4.21805
    FDTD solver speed on process 0: 24.9777 Mnodes/s
    total FDTD solver speed on 4 processes: 99.9109 Mnodes/s
