Ansys Lumerical 2021 R2.3 FDTD Solver Version 8.26.2834 (Windows 64bit)
 expires (month/day/year): 1/22/2023
using config file: C:/Users/jev1/AppData/Roaming/Lumerical/License.ini
license host: 10.230.10.33
current time: Fri Oct 7 00:40:16 2022
Running on host: ADUAED15617LPWX
host available memory (GB): 16.673538
All processes are communicating and ready to proceed to simulation...
Running fsp file: C:\Program Files\Lumerical\v212\bin\fdtd-engine-msmpi.exe -t 4 -remote -hide C:/Users/jev1/Documents/GitHub/OTDR/PRL_PDK/CBand_TE0TE1_ysplitter_opt/Simulations/FDTD_SPara(run)_s-parametersweep/s-parametersweep_4.fsp
Starting meshing
Simulation size in gridpoints: 1 x 264 x 50
Refined 0 mesh cells (0%)
Completed meshing!
Meshing complete in 0.015625 seconds of CPU time
Starting meshing
Simulation size in gridpoints: 1 x 264 x 50
Refined 0 mesh cells (0%)
Completed meshing!
Meshing complete in 0.015625 seconds of CPU time
Starting meshing
Simulation size in gridpoints: 1 x 264 x 50
Refined 0 mesh cells (0%)
Completed meshing!
Meshing complete in 0.015625 seconds of CPU time
left is a duplicate key.
bottom is a duplicate key.
z1 is a duplicate key.
z2 is a duplicate key.
Nx is a duplicate key.
Ny is a duplicate key.
Nz is a duplicate key.
Starting meshing
Simulation size in gridpoints: 1 x 82 x 50
Refined 0 mesh cells (0%)
Completed meshing!
Meshing complete in 0.03125 seconds of CPU time
Starting meshing
Simulation size in gridpoints: 1 x 82 x 50
Refined 0 mesh cells (0%)
Completed meshing!
Meshing complete in 0.046875 seconds of CPU time
Starting meshing
Simulation size in gridpoints: 1 x 82 x 50
Refined 0 mesh cells (0%)
Completed meshing!
Meshing complete in 0.03125 seconds of CPU time
Starting meshing
Simulation size in gridpoints: 1 x 82 x 50
Refined 0 mesh cells (0%)
Completed meshing!
Meshing complete in 0.09375 seconds of CPU time
Starting meshing
Simulation size in gridpoints: 1 x 82 x 50
Refined 0 mesh cells (0%)
Completed meshing!
Meshing complete in 0.03125 seconds of CPU time
Starting meshing
Simulation size in gridpoints: 1 x 82 x 50
Refined 0 mesh cells (0%)
Completed meshing!
Meshing complete in 0.078125 seconds of CPU time
left is a duplicate key.
bottom is a duplicate key.
z1 is a duplicate key.
z2 is a duplicate key.
Nx is a duplicate key.
Ny is a duplicate key.
Nz is a duplicate key.
Starting meshing
Simulation size in gridpoints: 1 x 82 x 50
Refined 0 mesh cells (0%)
Completed meshing!
Meshing complete in 0 seconds of CPU time
Starting meshing
Simulation size in gridpoints: 1 x 82 x 50
Refined 0 mesh cells (0%)
Completed meshing!
Meshing complete in 0.0625 seconds of CPU time
Starting meshing
Simulation size in gridpoints: 1 x 82 x 50
Refined 0 mesh cells (0%)
Completed meshing!
Meshing complete in 0.03125 seconds of CPU time
Starting meshing
Simulation size in gridpoints: 1 x 82 x 50
Refined 0 mesh cells (0%)
Completed meshing!
Meshing complete in 0.03125 seconds of CPU time
Starting meshing
Simulation size in gridpoints: 1 x 82 x 50
Refined 0 mesh cells (0%)
Completed meshing!
Meshing complete in 0.03125 seconds of CPU time
Starting meshing
Simulation size in gridpoints: 1 x 82 x 50
Refined 0 mesh cells (0%)
Completed meshing!
Meshing complete in 0.015625 seconds of CPU time
left is a duplicate key.
bottom is a duplicate key.
z1 is a duplicate key.
z2 is a duplicate key.
Nx is a duplicate key.
Ny is a duplicate key.
Nz is a duplicate key.
number of processors is 4
processors are distributed as: 2x2x1
Running 3D Simulation
Starting meshing
Simulation size in gridpoints: 189 x 140 x 64
Refined 0 mesh cells (0%)
Completed meshing!
Meshing complete in 7.39062 seconds of CPU time
0 0
Starting meshing
Simulation size in gridpoints: 189 x 140 x 64
Refined 0 mesh cells (0%)
Completed meshing!
Meshing complete in 8.78125 seconds of CPU time
0 0
Starting meshing
Simulation size in gridpoints: 189 x 140 x 64
Refined 0 mesh cells (0%)
Completed meshing!
Meshing complete in 6.92188 seconds of CPU time
0 0
finished material properties
Meshing Time: 10.073 seconds, Init Electrical Material Time: 0.950279 seconds, Init Magnetic Material Time: 0.0321418
Using selected optimization level: 2
Selecting 3d kernel for splitFieldDirection=0 and optLevel=2
-----------------------------------------
Beginning initialization of 3D Simulation
Starting to add sources to simulation
Adding 3D Mode source propagating in X
Using frequency dependent profile
Starting to add boundary conditions to simulation
Adding 3D PML BC
Adding 3D Parallel BC
Adding 3D PML BC
Adding 3D Parallel BC
Adding 3D PML BC
Adding 3D PML BC
Starting to add monitors to Simulation
Adding analysis monitor
Adding 3D DFT monitor
Adding 3D DFT monitor
Adding 3D DFT monitor
Finished initialization of 3D Simulation
-----------------------------------------
All processes are communicating and ready to proceed to simulation...
Starting 52450 total iterations
0.0457578% complete. Max time remaining: 1 hr, 45 mins, 45 secs. Auto Shutoff: 1
1.06768% complete. Max time remaining: 1 hr, 40 mins, 7 secs. Auto Shutoff: 1
2.08961% complete. Max time remaining: 1 hr, 41 mins, 21 secs. Auto Shutoff: 1
3.11153% complete. Max time remaining: 1 hr, 42 mins, 52 secs. Auto Shutoff: 1
4.13345% complete. Max time remaining: 1 hr, 41 mins, 4 secs. Auto Shutoff: 1
5.14013% complete. Max time remaining: 1 hr, 39 mins, 13 secs. Auto Shutoff: 1
6.16205% complete. Max time remaining: 1 hr, 38 mins, 11 secs. Auto Shutoff: 1
7.16872% complete. Max time remaining: 1 hr, 35 mins, 8 secs. Auto Shutoff: 0.852608
8.17539% complete. Max time remaining: 1 hr, 30 mins, 43 secs. Auto Shutoff: 0.294817
9.18206% complete. Max time remaining: 1 hr, 26 mins, 47 secs. Auto Shutoff: 0.0316079
10.1887% complete. Max time remaining: 1 hr, 23 mins, 21 secs. Auto Shutoff: 0.0178859
11.1954% complete. Max time remaining: 1 hr, 20 mins, 49 secs. Auto Shutoff: 0.00836774
12.2021% complete. Max time remaining: 1 hr, 17 mins, 34 secs. Auto Shutoff: 0.0066645
13.2393% complete. Max time remaining: 1 hr, 14 mins, 21 secs. Auto Shutoff: 0.00359137
14.2459% complete. Max time remaining: 1 hr, 11 mins, 48 secs. Auto Shutoff: 0.00187621
15.2526% complete. Max time remaining: 1 hr, 9 mins, 37 secs. Auto Shutoff: 0.000992239
16.2593% complete. Max time remaining: 1 hr, 7 mins, 34 secs. Auto Shutoff: 0.000674593
17.2964% complete. Max time remaining: 1 hr, 5 mins, 31 secs. Auto Shutoff: 0.000454128
18.3336% complete. Max time remaining: 1 hr, 3 mins, 39 secs. Auto Shutoff: 0.000208514
19.3403% complete. Max time remaining: 1 hr, 1 min, 51 secs. Auto Shutoff: 0.000110116
20.3775% complete. Max time remaining: 1 hr, 3 secs. Auto Shutoff: 6.13818e-05
21.3841% complete. Max time remaining: 57 mins, 47 secs. Auto Shutoff: 3.03547e-05
22.4823% complete. Max time remaining: 55 mins, 8 secs. Auto Shutoff: 1.30506e-05
100% complete. Max time remaining: 0 mins, 0 secs. Auto Shutoff: 9.082e-06
Early termination of simulation, the autoshutoff criteria are satisfied.
Completed 12035 iterations, or 2.294563e-13s of Simulation Time
Process 0 starting to collect data
    collecting monitor data
    collecting source data
Using frequency dependent profile
Finished collecting data
left is a duplicate key.
bottom is a duplicate key.
z1 is a duplicate key.
z2 is a duplicate key.
Nx is a duplicate key.
Ny is a duplicate key.
Nz is a duplicate key.
left is a duplicate key.
bottom is a duplicate key.
z1 is a duplicate key.
z2 is a duplicate key.
Nx is a duplicate key.
Ny is a duplicate key.
Nz is a duplicate key.
left is a duplicate key.
bottom is a duplicate key.
z1 is a duplicate key.
z2 is a duplicate key.
Nx is a duplicate key.
Ny is a duplicate key.
Nz is a duplicate key.
Simulation completed successfully at: Fri Oct 7 00:57:15 2022
Overall wall time measurements in seconds: 1019.7
    time to mesh and initialize: 21.221
    time to run FDTD simulation: 966.679
    time to checkpoint simulation: 4e-07
    time to finalize data and save to files: 3.71757
    miscellaneous time: 28.079
    FDTD solver speed on process 0: 21.0831 Mnodes/s
    total FDTD solver speed on 4 processes: 84.3322 Mnodes/s
