Ansys Lumerical 2021 R2.3 FDTD Solver Version 8.26.2834 (Windows 64bit)
 expires (month/day/year): 1/22/2023
using config file: C:/Users/jev1/AppData/Roaming/Lumerical/License.ini
license host: 10.230.10.33
current time: Fri Oct 7 00:24:38 2022
Running on host: ADUAED15617LPWX
host available memory (GB): 16.953663
All processes are communicating and ready to proceed to simulation...
Running fsp file: C:\Program Files\Lumerical\v212\bin\fdtd-engine-msmpi.exe -t 4 -remote -hide C:/Users/jev1/Documents/GitHub/OTDR/PRL_PDK/CBand_TE0TE1_ysplitter_opt/Simulations/FDTD_SPara(run)_s-parametersweep/s-parametersweep_2.fsp
Starting meshing
Simulation size in gridpoints: 1 x 264 x 50
Refined 0 mesh cells (0%)
Completed meshing!
Meshing complete in 0.015625 seconds of CPU time
Starting meshing
Simulation size in gridpoints: 1 x 264 x 50
Refined 0 mesh cells (0%)
Completed meshing!
Meshing complete in 0.046875 seconds of CPU time
Starting meshing
Simulation size in gridpoints: 1 x 264 x 50
Refined 0 mesh cells (0%)
Completed meshing!
Meshing complete in 0 seconds of CPU time
Starting meshing
Simulation size in gridpoints: 1 x 264 x 50
Refined 0 mesh cells (0%)
Completed meshing!
Meshing complete in 0 seconds of CPU time
Starting meshing
Simulation size in gridpoints: 1 x 264 x 50
Refined 0 mesh cells (0%)
Completed meshing!
Meshing complete in 0.015625 seconds of CPU time
Starting meshing
Simulation size in gridpoints: 1 x 264 x 50
Refined 0 mesh cells (0%)
Completed meshing!
Meshing complete in 0.015625 seconds of CPU time
left is a duplicate key.
bottom is a duplicate key.
z1 is a duplicate key.
z2 is a duplicate key.
Nx is a duplicate key.
Ny is a duplicate key.
Nz is a duplicate key.
Starting meshing
Simulation size in gridpoints: 1 x 82 x 50
Refined 0 mesh cells (0%)
Completed meshing!
Meshing complete in 0 seconds of CPU time
Starting meshing
Simulation size in gridpoints: 1 x 82 x 50
Refined 0 mesh cells (0%)
Completed meshing!
Meshing complete in 0.015625 seconds of CPU time
Starting meshing
Simulation size in gridpoints: 1 x 82 x 50
Refined 0 mesh cells (0%)
Completed meshing!
Meshing complete in 0.0625 seconds of CPU time
left is a duplicate key.
bottom is a duplicate key.
z1 is a duplicate key.
z2 is a duplicate key.
Nx is a duplicate key.
Ny is a duplicate key.
Nz is a duplicate key.
Starting meshing
Simulation size in gridpoints: 1 x 82 x 50
Refined 0 mesh cells (0%)
Completed meshing!
Meshing complete in 0 seconds of CPU time
Starting meshing
Simulation size in gridpoints: 1 x 82 x 50
Refined 0 mesh cells (0%)
Completed meshing!
Meshing complete in 0.015625 seconds of CPU time
Starting meshing
Simulation size in gridpoints: 1 x 82 x 50
Refined 0 mesh cells (0%)
Completed meshing!
Meshing complete in 0 seconds of CPU time
left is a duplicate key.
bottom is a duplicate key.
z1 is a duplicate key.
z2 is a duplicate key.
Nx is a duplicate key.
Ny is a duplicate key.
Nz is a duplicate key.
number of processors is 4
processors are distributed as: 2x2x1
Running 3D Simulation
Starting meshing
Simulation size in gridpoints: 189 x 140 x 64
Refined 0 mesh cells (0%)
Completed meshing!
Meshing complete in 3.04688 seconds of CPU time
0 0
Starting meshing
Simulation size in gridpoints: 189 x 140 x 64
Refined 0 mesh cells (0%)
Completed meshing!
Meshing complete in 2.98438 seconds of CPU time
0 0
Starting meshing
Simulation size in gridpoints: 189 x 140 x 64
Refined 0 mesh cells (0%)
Completed meshing!
Meshing complete in 3.04688 seconds of CPU time
0 0
finished material properties
Meshing Time: 5.63595 seconds, Init Electrical Material Time: 0.562722 seconds, Init Magnetic Material Time: 0.0075696
Using selected optimization level: 2
Selecting 3d kernel for splitFieldDirection=0 and optLevel=2
-----------------------------------------
Beginning initialization of 3D Simulation
Starting to add sources to simulation
Adding 3D Mode source propagating in X
Using frequency dependent profile
Starting to add boundary conditions to simulation
Adding 3D PML BC
Adding 3D Parallel BC
Adding 3D PML BC
Adding 3D Parallel BC
Adding 3D PML BC
Adding 3D PML BC
Starting to add monitors to Simulation
Adding analysis monitor
Adding 3D DFT monitor
Adding 3D DFT monitor
Adding 3D DFT monitor
Finished initialization of 3D Simulation
-----------------------------------------
All processes are communicating and ready to proceed to simulation...
Starting 52450 total iterations
0.0915156% complete. Max time remaining: 36 mins, 44 secs. Auto Shutoff: 1
1.12869% complete. Max time remaining: 37 mins, 20 secs. Auto Shutoff: 1
2.13536% complete. Max time remaining: 46 mins, 52 secs. Auto Shutoff: 1
3.14204% complete. Max time remaining: 52 mins, 15 secs. Auto Shutoff: 1
4.14871% complete. Max time remaining: 56 mins, 42 secs. Auto Shutoff: 1
5.17063% complete. Max time remaining: 1 hr, 6 mins, 32 secs. Auto Shutoff: 1
6.1773% complete. Max time remaining: 1 hr, 9 mins, 52 secs. Auto Shutoff: 1
7.19923% complete. Max time remaining: 1 hr, 6 mins, 50 secs. Auto Shutoff: 0.925932
8.2059% complete. Max time remaining: 1 hr, 4 mins, 4 secs. Auto Shutoff: 0.226061
9.21257% complete. Max time remaining: 1 hr, 2 mins, 2 secs. Auto Shutoff: 0.0291423
10.2192% complete. Max time remaining: 1 hr, 28 secs. Auto Shutoff: 0.0179691
11.2259% complete. Max time remaining: 58 mins, 39 secs. Auto Shutoff: 0.00558443
12.2326% complete. Max time remaining: 57 mins, 6 secs. Auto Shutoff: 0.00581355
13.2698% complete. Max time remaining: 55 mins, 43 secs. Auto Shutoff: 0.00202165
14.3069% complete. Max time remaining: 54 mins, 25 secs. Auto Shutoff: 0.00125256
15.3441% complete. Max time remaining: 53 mins, 13 secs. Auto Shutoff: 0.000579075
16.3508% complete. Max time remaining: 52 mins, 10 secs. Auto Shutoff: 0.000350068
17.388% complete. Max time remaining: 51 mins, 4 secs. Auto Shutoff: 0.000184452
18.3946% complete. Max time remaining: 50 mins, 0 secs. Auto Shutoff: 7.85511e-05
19.4013% complete. Max time remaining: 49 mins, 2 secs. Auto Shutoff: 5.64285e-05
20.4385% complete. Max time remaining: 48 mins, 15 secs. Auto Shutoff: 5.30641e-05
21.4452% complete. Max time remaining: 47 mins, 28 secs. Auto Shutoff: 3.52384e-05
22.4518% complete. Max time remaining: 46 mins, 56 secs. Auto Shutoff: 1.3431e-05
100% complete. Max time remaining: 0 mins, 0 secs. Auto Shutoff: 9.99259e-06
Early termination of simulation, the autoshutoff criteria are satisfied.
Completed 12035 iterations, or 2.294563e-13s of Simulation Time
Process 0 starting to collect data
    collecting monitor data
    collecting source data
Using frequency dependent profile
Finished collecting data
left is a duplicate key.
bottom is a duplicate key.
z1 is a duplicate key.
z2 is a duplicate key.
Nx is a duplicate key.
Ny is a duplicate key.
Nz is a duplicate key.
left is a duplicate key.
bottom is a duplicate key.
z1 is a duplicate key.
z2 is a duplicate key.
Nx is a duplicate key.
Ny is a duplicate key.
Nz is a duplicate key.
left is a duplicate key.
bottom is a duplicate key.
z1 is a duplicate key.
z2 is a duplicate key.
Nx is a duplicate key.
Ny is a duplicate key.
Nz is a duplicate key.
Simulation completed successfully at: Fri Oct 7 00:38:57 2022
Overall wall time measurements in seconds: 860.579
    time to mesh and initialize: 12.9811
    time to run FDTD simulation: 834.337
    time to checkpoint simulation: 5e-07
    time to finalize data and save to files: 8.31786
    miscellaneous time: 4.94251
    FDTD solver speed on process 0: 24.4272 Mnodes/s
    total FDTD solver speed on 4 processes: 97.709 Mnodes/s
