Ansys Lumerical 2021 R2.3 FDTD Solver Version 8.26.2834 (Windows 64bit)
 expires (month/day/year): 1/22/2023
using config file: C:/Users/jev1/AppData/Roaming/Lumerical/License.ini
license host: 10.230.10.33
current time: Fri Oct 7 00:39:07 2022
Running on host: ADUAED15617LPWX
host available memory (GB): 16.689639
All processes are communicating and ready to proceed to simulation...
Running fsp file: C:\Program Files\Lumerical\v212\bin\fdtd-engine-msmpi.exe -t 4 -remote -hide C:/Users/jev1/Documents/GitHub/OTDR/PRL_PDK/CBand_TE0TE1_ysplitter_opt/Simulations/FDTD_SPara(run)_s-parametersweep/s-parametersweep_3.fsp
Starting meshing
Simulation size in gridpoints: 1 x 264 x 50
Refined 0 mesh cells (0%)
Completed meshing!
Meshing complete in 0.0625 seconds of CPU time
Starting meshing
Simulation size in gridpoints: 1 x 264 x 50
Refined 0 mesh cells (0%)
Completed meshing!
Meshing complete in 0.015625 seconds of CPU time
Starting meshing
Simulation size in gridpoints: 1 x 264 x 50
Refined 0 mesh cells (0%)
Completed meshing!
Meshing complete in 0.015625 seconds of CPU time
left is a duplicate key.
bottom is a duplicate key.
z1 is a duplicate key.
z2 is a duplicate key.
Nx is a duplicate key.
Ny is a duplicate key.
Nz is a duplicate key.
Starting meshing
Simulation size in gridpoints: 1 x 82 x 50
Refined 0 mesh cells (0%)
Completed meshing!
Meshing complete in 0.015625 seconds of CPU time
Starting meshing
Simulation size in gridpoints: 1 x 82 x 50
Refined 0 mesh cells (0%)
Completed meshing!
Meshing complete in 0.015625 seconds of CPU time
Starting meshing
Simulation size in gridpoints: 1 x 82 x 50
Refined 0 mesh cells (0%)
Completed meshing!
Meshing complete in 0.046875 seconds of CPU time
Starting meshing
Simulation size in gridpoints: 1 x 82 x 50
Refined 0 mesh cells (0%)
Completed meshing!
Meshing complete in 0.015625 seconds of CPU time
Starting meshing
Simulation size in gridpoints: 1 x 82 x 50
Refined 0 mesh cells (0%)
Completed meshing!
Meshing complete in 0.015625 seconds of CPU time
Starting meshing
Simulation size in gridpoints: 1 x 82 x 50
Refined 0 mesh cells (0%)
Completed meshing!
Meshing complete in 0.078125 seconds of CPU time
left is a duplicate key.
bottom is a duplicate key.
z1 is a duplicate key.
z2 is a duplicate key.
Nx is a duplicate key.
Ny is a duplicate key.
Nz is a duplicate key.
Starting meshing
Simulation size in gridpoints: 1 x 82 x 50
Refined 0 mesh cells (0%)
Completed meshing!
Meshing complete in 0.03125 seconds of CPU time
Starting meshing
Simulation size in gridpoints: 1 x 82 x 50
Refined 0 mesh cells (0%)
Completed meshing!
Meshing complete in 0.015625 seconds of CPU time
Starting meshing
Simulation size in gridpoints: 1 x 82 x 50
Refined 0 mesh cells (0%)
Completed meshing!
Meshing complete in 0.0625 seconds of CPU time
left is a duplicate key.
bottom is a duplicate key.
z1 is a duplicate key.
z2 is a duplicate key.
Nx is a duplicate key.
Ny is a duplicate key.
Nz is a duplicate key.
number of processors is 4
processors are distributed as: 2x2x1
Running 3D Simulation
Starting meshing
Simulation size in gridpoints: 189 x 140 x 64
Refined 0 mesh cells (0%)
Completed meshing!
Meshing complete in 8.1875 seconds of CPU time
0 0
Starting meshing
Simulation size in gridpoints: 189 x 140 x 64
Refined 0 mesh cells (0%)
Completed meshing!
Meshing complete in 7.92188 seconds of CPU time
0 0
Starting meshing
Simulation size in gridpoints: 189 x 140 x 64
Refined 0 mesh cells (0%)
Completed meshing!
Meshing complete in 8.4375 seconds of CPU time
0 0
finished material properties
Meshing Time: 9.30663 seconds, Init Electrical Material Time: 0.646573 seconds, Init Magnetic Material Time: 0.0259883
Using selected optimization level: 2
Selecting 3d kernel for splitFieldDirection=0 and optLevel=2
-----------------------------------------
Beginning initialization of 3D Simulation
Starting to add sources to simulation
Adding 3D Mode source propagating in X
Using frequency dependent profile
Starting to add boundary conditions to simulation
Adding 3D PML BC
Adding 3D Parallel BC
Adding 3D PML BC
Adding 3D Parallel BC
Adding 3D PML BC
Adding 3D PML BC
Starting to add monitors to Simulation
Adding analysis monitor
Adding 3D DFT monitor
Adding 3D DFT monitor
Adding 3D DFT monitor
Finished initialization of 3D Simulation
-----------------------------------------
All processes are communicating and ready to proceed to simulation...
Starting 52450 total iterations
0.0610104% complete. Max time remaining: 55 mins, 17 secs. Auto Shutoff: 1
1.06768% complete. Max time remaining: 55 mins, 34 secs. Auto Shutoff: 1
2.08961% complete. Max time remaining: 1 hr, 12 mins, 36 secs. Auto Shutoff: 1
3.09628% complete. Max time remaining: 1 hr, 20 mins, 31 secs. Auto Shutoff: 1
4.1182% complete. Max time remaining: 1 hr, 24 mins, 37 secs. Auto Shutoff: 1
5.14013% complete. Max time remaining: 1 hr, 26 mins, 48 secs. Auto Shutoff: 1
6.1468% complete. Max time remaining: 1 hr, 26 mins, 57 secs. Auto Shutoff: 1
7.15347% complete. Max time remaining: 1 hr, 26 mins, 11 secs. Auto Shutoff: 0.937297
8.16014% complete. Max time remaining: 1 hr, 26 mins, 5 secs. Auto Shutoff: 0.295342
9.18206% complete. Max time remaining: 1 hr, 24 mins, 47 secs. Auto Shutoff: 0.0317036
10.1887% complete. Max time remaining: 1 hr, 21 mins, 50 secs. Auto Shutoff: 0.0178272
11.1954% complete. Max time remaining: 1 hr, 19 mins, 7 secs. Auto Shutoff: 0.00836813
12.2021% complete. Max time remaining: 1 hr, 16 mins, 39 secs. Auto Shutoff: 0.00666826
13.224% complete. Max time remaining: 1 hr, 14 mins, 49 secs. Auto Shutoff: 0.00359709
14.2307% complete. Max time remaining: 1 hr, 12 mins, 24 secs. Auto Shutoff: 0.00187899
15.2679% complete. Max time remaining: 1 hr, 9 mins, 50 secs. Auto Shutoff: 0.000992836
16.305% complete. Max time remaining: 1 hr, 7 mins, 29 secs. Auto Shutoff: 0.000673768
17.3117% complete. Max time remaining: 1 hr, 5 mins, 35 secs. Auto Shutoff: 0.00045444
18.3489% complete. Max time remaining: 1 hr, 3 mins, 43 secs. Auto Shutoff: 0.000208263
19.3555% complete. Max time remaining: 1 hr, 2 mins, 1 secs. Auto Shutoff: 0.00011039
20.3622% complete. Max time remaining: 1 hr, 21 secs. Auto Shutoff: 6.13261e-05
21.3689% complete. Max time remaining: 58 mins, 50 secs. Auto Shutoff: 3.0358e-05
22.4061% complete. Max time remaining: 57 mins, 14 secs. Auto Shutoff: 1.30529e-05
100% complete. Max time remaining: 0 mins, 0 secs. Auto Shutoff: 9.05873e-06
Early termination of simulation, the autoshutoff criteria are satisfied.
Completed 12035 iterations, or 2.294563e-13s of Simulation Time
Process 0 starting to collect data
    collecting monitor data
    collecting source data
Using frequency dependent profile
Finished collecting data
left is a duplicate key.
bottom is a duplicate key.
z1 is a duplicate key.
z2 is a duplicate key.
Nx is a duplicate key.
Ny is a duplicate key.
Nz is a duplicate key.
left is a duplicate key.
bottom is a duplicate key.
z1 is a duplicate key.
z2 is a duplicate key.
Nx is a duplicate key.
Ny is a duplicate key.
Nz is a duplicate key.
left is a duplicate key.
bottom is a duplicate key.
z1 is a duplicate key.
z2 is a duplicate key.
Nx is a duplicate key.
Ny is a duplicate key.
Nz is a duplicate key.
Simulation completed successfully at: Fri Oct 7 00:56:41 2022
Overall wall time measurements in seconds: 1054.05
    time to mesh and initialize: 20.2475
    time to run FDTD simulation: 1008.34
    time to checkpoint simulation: 9e-07
    time to finalize data and save to files: 8.77939
    miscellaneous time: 16.6885
    FDTD solver speed on process 0: 20.212 Mnodes/s
    total FDTD solver speed on 4 processes: 80.8482 Mnodes/s
